<?xml version="1.0" encoding="UTF-8"?>
<testsuite name="com.example.project.TipCalculatorTest" tests="3" skipped="0" failures="0" errors="0" timestamp="2024-09-27T00:16:28" hostname="codespaces-28b1d7" time="0.288">
  <properties/>
  <testcase name="testCalculateTip2()" classname="com.example.project.TipCalculatorTest" time="0.249"/>
  <testcase name="testCalculateTip3()" classname="com.example.project.TipCalculatorTest" time="0.016"/>
  <testcase name="testCalculateTip()" classname="com.example.project.TipCalculatorTest" time="0.008"/>
  <system-out><![CDATA[]]></system-out>
  <system-err><![CDATA[]]></system-err>
</testsuite>
